Arguments: 
  D:\Node.js\node.exe C:\Users\MI\AppData\Roaming\npm\node_modules\yarn\bin\yarn.js add webpack-cli webpack--dev-server webpack -D

PATH: 
  C:\ProgramData\Oracle\Java\javapath;C:\ProgramData\DockerDesktop\version-bin;C:\Program Files\Docker\Docker\Resources\bin;D:\Oracle\product\11.2.0\dbhome_1\bin;D:\Python\Scripts\;D:\Python\;C:\Program Files (x86)\Intel\iCLS Client\;C:\Program Files\Intel\iCLS Client\;C:\Windows\system32;C:\Windows;C:\Windows\System32\Wbem;C:\Windows\System32\WindowsPowerShell\v1.0\;C:\Program Files (x86)\Intel\Intel(R) Management Engine Components\DAL;C:\Program Files\Intel\Intel(R) Management Engine Components\DAL;C:\Program Files (x86)\Intel\Intel(R) Management Engine Components\IPT;C:\Program Files\Intel\Intel(R) Management Engine Components\IPT;C:\Program Files (x86)\NVIDIA Corporation\PhysX\Common;C:\Program Files (x86)\Microsoft SQL Server\100\Tools\Binn\;C:\Program Files\Microsoft SQL Server\100\Tools\Binn\;C:\Program Files\Microsoft SQL Server\100\DTS\Binn\;C:\WINDOWS\system32;C:\WINDOWS;C:\WINDOWS\System32\Wbem;C:\WINDOWS\System32\WindowsPowerShell\v1.0\;C:\WINDOWS\System32\OpenSSH\;C:\Program Files\Intel\WiFi\bin\;C:\Program Files\Common Files\Intel\WirelessCommon\;D:\Microsoft VS Code\Microsoft VS Code\bin;D:\Node.js\;C:\Program Files\Git\cmd;C:\Windows\System32\reg.exe;"D:\MongoDB\bin;";D:\flutter\bin;D:\Python\Scripts;D:\MongoDB\bin;D:\mysql-8.0.17-winx64\bin;D:\Go\bin;D:\MyDownloads\curl-7.68.0-win64-mingw\bin;D:\MyDownloads\libiconv-1.9.2-1-bin\bin;D:\Redis;D:\jdk-14\bin;C:\Users\MI\AppData\Local\Microsoft\WindowsApps;C:\Users\MI\AppData\Roaming\npm;D:\MyDownloads\Git-2.23.0-64-bit.exe;C:\Users\MI\AppData\Local\Yarn\bin;C:\ProgramData\Microsoft\Windows\Start Menu\Programs\Git;C:\Program Files\Git\bin;D:\flutter\bin;D:\flutter\flutter_console.bat;C:\Users\MI\AppData\Local\Yarn\bin;D:\MongoDB\bin;D:\mysql-8.0.17-winx64\bin;C:\Users\MI\go\bin;D:\Go\bin;D:\MyDownloads\curl-7.68.0-win64-mingw\bin;D:\MyDownloads\libiconv-1.9.2-1-bin\bin;D:\Redis;

Yarn version: 
  1.19.1

Node version: 
  10.16.3

Platform: 
  win32 x64

Trace: 
  Error: https://registry.npm.taobao.org/webpack--dev-server: Not found
      at Request.params.callback [as _callback] (C:\Users\MI\AppData\Roaming\npm\node_modules\yarn\lib\cli.js:66926:18)
      at Request.self.callback (C:\Users\MI\AppData\Roaming\npm\node_modules\yarn\lib\cli.js:140564:22)
      at Request.emit (events.js:198:13)
      at Request.<anonymous> (C:\Users\MI\AppData\Roaming\npm\node_modules\yarn\lib\cli.js:141536:10)
      at Request.emit (events.js:198:13)
      at IncomingMessage.<anonymous> (C:\Users\MI\AppData\Roaming\npm\node_modules\yarn\lib\cli.js:141458:12)
      at Object.onceWrapper (events.js:286:20)
      at IncomingMessage.emit (events.js:203:15)
      at endReadableNT (_stream_readable.js:1145:12)
      at process._tickCallback (internal/process/next_tick.js:63:19)

npm manifest: 
  No manifest

yarn manifest: 
  No manifest

Lockfile: 
  No lockfile
