2020-05-12 15:47:48,692 INFO 23164 [Timer] E:\Coding-Dream\interview\swagger\swagger-egg\node_modules\egg-multipart\app\schedule\clean_tmpdir.js next time will execute after 45731315ms at 2020-05-13 04:30:00.007
2020-05-12 15:47:48,693 INFO 23164 [Timer] E:\Coding-Dream\interview\swagger\swagger-egg\node_modules\egg-logrotator\app\schedule\clean_log.js next time will execute after 29531308ms at 2020-05-13 00:00:00.001
2020-05-12 15:47:48,693 INFO 23164 [Timer] E:\Coding-Dream\interview\swagger\swagger-egg\node_modules\egg-logrotator\app\schedule\rotate_by_file.js next time will execute after 29532307ms at 2020-05-13 00:00:01.000
2020-05-12 15:47:48,505 INFO 24780 [egg-schedule]: register schedule E:\Coding-Dream\interview\swagger\swagger-egg\node_modules\egg-multipart\app\schedule\clean_tmpdir.js
2020-05-12 15:47:48,505 INFO 24780 [egg-schedule]: register schedule E:\Coding-Dream\interview\swagger\swagger-egg\node_modules\egg-logrotator\app\schedule\clean_log.js
2020-05-12 15:47:48,505 INFO 24780 [egg-schedule]: register schedule E:\Coding-Dream\interview\swagger\swagger-egg\node_modules\egg-logrotator\app\schedule\rotate_by_file.js
2020-05-12 15:51:17,109 INFO 11680 [egg-schedule]: register schedule E:\Coding-Dream\interview\swagger\swagger-egg\node_modules\egg-multipart\app\schedule\clean_tmpdir.js
2020-05-12 15:51:17,109 INFO 11680 [egg-schedule]: register schedule E:\Coding-Dream\interview\swagger\swagger-egg\node_modules\egg-logrotator\app\schedule\clean_log.js
2020-05-12 15:51:17,109 INFO 11680 [egg-schedule]: register schedule E:\Coding-Dream\interview\swagger\swagger-egg\node_modules\egg-logrotator\app\schedule\rotate_by_file.js
2020-05-12 15:51:17,222 INFO 26276 [Timer] E:\Coding-Dream\interview\swagger\swagger-egg\node_modules\egg-multipart\app\schedule\clean_tmpdir.js next time will execute after 45522782ms at 2020-05-13 04:30:00.004
2020-05-12 15:51:17,222 INFO 26276 [Timer] E:\Coding-Dream\interview\swagger\swagger-egg\node_modules\egg-logrotator\app\schedule\clean_log.js next time will execute after 29322778ms at 2020-05-13 00:00:00.000
2020-05-12 15:51:17,222 INFO 26276 [Timer] E:\Coding-Dream\interview\swagger\swagger-egg\node_modules\egg-logrotator\app\schedule\rotate_by_file.js next time will execute after 29323778ms at 2020-05-13 00:00:01.000
2020-05-12 15:51:52,221 INFO 24656 [egg-schedule]: register schedule E:\Coding-Dream\interview\swagger\swagger-egg\node_modules\egg-multipart\app\schedule\clean_tmpdir.js
2020-05-12 15:51:52,221 INFO 24656 [egg-schedule]: register schedule E:\Coding-Dream\interview\swagger\swagger-egg\node_modules\egg-logrotator\app\schedule\clean_log.js
2020-05-12 15:51:52,221 INFO 24656 [egg-schedule]: register schedule E:\Coding-Dream\interview\swagger\swagger-egg\node_modules\egg-logrotator\app\schedule\rotate_by_file.js
2020-05-12 15:51:52,323 INFO 20856 [Timer] E:\Coding-Dream\interview\swagger\swagger-egg\node_modules\egg-multipart\app\schedule\clean_tmpdir.js next time will execute after 45487681ms at 2020-05-13 04:30:00.004
2020-05-12 15:51:52,323 INFO 20856 [Timer] E:\Coding-Dream\interview\swagger\swagger-egg\node_modules\egg-logrotator\app\schedule\clean_log.js next time will execute after 29287677ms at 2020-05-13 00:00:00.000
2020-05-12 15:51:52,323 INFO 20856 [Timer] E:\Coding-Dream\interview\swagger\swagger-egg\node_modules\egg-logrotator\app\schedule\rotate_by_file.js next time will execute after 29288677ms at 2020-05-13 00:00:01.000
2020-05-12 15:52:26,581 INFO 11484 [egg-schedule]: register schedule E:\Coding-Dream\interview\swagger\swagger-egg\node_modules\egg-multipart\app\schedule\clean_tmpdir.js
2020-05-12 15:52:26,581 INFO 11484 [egg-schedule]: register schedule E:\Coding-Dream\interview\swagger\swagger-egg\node_modules\egg-logrotator\app\schedule\clean_log.js
2020-05-12 15:52:26,581 INFO 11484 [egg-schedule]: register schedule E:\Coding-Dream\interview\swagger\swagger-egg\node_modules\egg-logrotator\app\schedule\rotate_by_file.js
2020-05-12 15:52:37,688 INFO 22472 [Timer] E:\Coding-Dream\interview\swagger\swagger-egg\node_modules\egg-multipart\app\schedule\clean_tmpdir.js next time will execute after 45442319ms at 2020-05-13 04:30:00.007
2020-05-12 15:52:37,689 INFO 22472 [Timer] E:\Coding-Dream\interview\swagger\swagger-egg\node_modules\egg-logrotator\app\schedule\clean_log.js next time will execute after 29242312ms at 2020-05-13 00:00:00.001
2020-05-12 15:52:37,689 INFO 22472 [Timer] E:\Coding-Dream\interview\swagger\swagger-egg\node_modules\egg-logrotator\app\schedule\rotate_by_file.js next time will execute after 29243311ms at 2020-05-13 00:00:01.000
2020-05-12 15:52:37,529 INFO 23868 [egg-schedule]: register schedule E:\Coding-Dream\interview\swagger\swagger-egg\node_modules\egg-multipart\app\schedule\clean_tmpdir.js
2020-05-12 15:52:37,529 INFO 23868 [egg-schedule]: register schedule E:\Coding-Dream\interview\swagger\swagger-egg\node_modules\egg-logrotator\app\schedule\clean_log.js
2020-05-12 15:52:37,529 INFO 23868 [egg-schedule]: register schedule E:\Coding-Dream\interview\swagger\swagger-egg\node_modules\egg-logrotator\app\schedule\rotate_by_file.js
2020-05-12 15:58:17,925 INFO 21228 [egg-schedule]: register schedule E:\Coding-Dream\interview\swagger\swagger-egg\node_modules\egg-multipart\app\schedule\clean_tmpdir.js
2020-05-12 15:58:17,925 INFO 21228 [egg-schedule]: register schedule E:\Coding-Dream\interview\swagger\swagger-egg\node_modules\egg-logrotator\app\schedule\clean_log.js
2020-05-12 15:58:17,925 INFO 21228 [egg-schedule]: register schedule E:\Coding-Dream\interview\swagger\swagger-egg\node_modules\egg-logrotator\app\schedule\rotate_by_file.js
2020-05-12 15:58:55,230 INFO 7852 [egg-schedule]: register schedule E:\Coding-Dream\interview\swagger\swagger-egg\node_modules\egg-multipart\app\schedule\clean_tmpdir.js
2020-05-12 15:58:55,230 INFO 7852 [egg-schedule]: register schedule E:\Coding-Dream\interview\swagger\swagger-egg\node_modules\egg-logrotator\app\schedule\clean_log.js
2020-05-12 15:58:55,230 INFO 7852 [egg-schedule]: register schedule E:\Coding-Dream\interview\swagger\swagger-egg\node_modules\egg-logrotator\app\schedule\rotate_by_file.js
2020-05-12 15:59:10,451 INFO 20852 [egg-schedule]: register schedule E:\Coding-Dream\interview\swagger\swagger-egg\node_modules\egg-multipart\app\schedule\clean_tmpdir.js
2020-05-12 15:59:10,451 INFO 20852 [egg-schedule]: register schedule E:\Coding-Dream\interview\swagger\swagger-egg\node_modules\egg-logrotator\app\schedule\clean_log.js
2020-05-12 15:59:10,451 INFO 20852 [egg-schedule]: register schedule E:\Coding-Dream\interview\swagger\swagger-egg\node_modules\egg-logrotator\app\schedule\rotate_by_file.js
2020-05-12 15:59:12,189 INFO 18608 [egg-schedule]: register schedule E:\Coding-Dream\interview\swagger\swagger-egg\node_modules\egg-multipart\app\schedule\clean_tmpdir.js
2020-05-12 15:59:12,189 INFO 18608 [egg-schedule]: register schedule E:\Coding-Dream\interview\swagger\swagger-egg\node_modules\egg-logrotator\app\schedule\clean_log.js
2020-05-12 15:59:12,189 INFO 18608 [egg-schedule]: register schedule E:\Coding-Dream\interview\swagger\swagger-egg\node_modules\egg-logrotator\app\schedule\rotate_by_file.js
2020-05-12 15:59:13,954 INFO 12384 [egg-schedule]: register schedule E:\Coding-Dream\interview\swagger\swagger-egg\node_modules\egg-multipart\app\schedule\clean_tmpdir.js
2020-05-12 15:59:13,954 INFO 12384 [egg-schedule]: register schedule E:\Coding-Dream\interview\swagger\swagger-egg\node_modules\egg-logrotator\app\schedule\clean_log.js
2020-05-12 15:59:13,954 INFO 12384 [egg-schedule]: register schedule E:\Coding-Dream\interview\swagger\swagger-egg\node_modules\egg-logrotator\app\schedule\rotate_by_file.js
2020-05-12 16:03:47,161 INFO 16336 [egg-schedule]: register schedule E:\Coding-Dream\interview\swagger\swagger-egg\node_modules\egg-multipart\app\schedule\clean_tmpdir.js
2020-05-12 16:03:47,161 INFO 16336 [egg-schedule]: register schedule E:\Coding-Dream\interview\swagger\swagger-egg\node_modules\egg-logrotator\app\schedule\clean_log.js
2020-05-12 16:03:47,161 INFO 16336 [egg-schedule]: register schedule E:\Coding-Dream\interview\swagger\swagger-egg\node_modules\egg-logrotator\app\schedule\rotate_by_file.js
2020-05-12 16:03:47,282 INFO 26016 [Timer] E:\Coding-Dream\interview\swagger\swagger-egg\node_modules\egg-multipart\app\schedule\clean_tmpdir.js next time will execute after 44772722ms at 2020-05-13 04:30:00.004
2020-05-12 16:03:47,283 INFO 26016 [Timer] E:\Coding-Dream\interview\swagger\swagger-egg\node_modules\egg-logrotator\app\schedule\clean_log.js next time will execute after 28572718ms at 2020-05-13 00:00:00.001
2020-05-12 16:03:47,283 INFO 26016 [Timer] E:\Coding-Dream\interview\swagger\swagger-egg\node_modules\egg-logrotator\app\schedule\rotate_by_file.js next time will execute after 28573717ms at 2020-05-13 00:00:01.000
2020-05-12 16:05:01,813 INFO 23588 [egg-schedule]: register schedule E:\Coding-Dream\interview\swagger\swagger-egg\node_modules\egg-multipart\app\schedule\clean_tmpdir.js
2020-05-12 16:05:01,813 INFO 23588 [egg-schedule]: register schedule E:\Coding-Dream\interview\swagger\swagger-egg\node_modules\egg-logrotator\app\schedule\clean_log.js
2020-05-12 16:05:01,813 INFO 23588 [egg-schedule]: register schedule E:\Coding-Dream\interview\swagger\swagger-egg\node_modules\egg-logrotator\app\schedule\rotate_by_file.js
2020-05-12 16:05:30,856 INFO 17460 [egg-schedule]: register schedule E:\Coding-Dream\interview\swagger\swagger-egg\node_modules\egg-multipart\app\schedule\clean_tmpdir.js
2020-05-12 16:05:30,857 INFO 17460 [egg-schedule]: register schedule E:\Coding-Dream\interview\swagger\swagger-egg\node_modules\egg-logrotator\app\schedule\clean_log.js
2020-05-12 16:05:30,857 INFO 17460 [egg-schedule]: register schedule E:\Coding-Dream\interview\swagger\swagger-egg\node_modules\egg-logrotator\app\schedule\rotate_by_file.js
2020-05-12 16:05:42,235 INFO 11412 [egg-schedule]: register schedule E:\Coding-Dream\interview\swagger\swagger-egg\node_modules\egg-multipart\app\schedule\clean_tmpdir.js
2020-05-12 16:05:42,235 INFO 11412 [egg-schedule]: register schedule E:\Coding-Dream\interview\swagger\swagger-egg\node_modules\egg-logrotator\app\schedule\clean_log.js
2020-05-12 16:05:42,235 INFO 11412 [egg-schedule]: register schedule E:\Coding-Dream\interview\swagger\swagger-egg\node_modules\egg-logrotator\app\schedule\rotate_by_file.js
2020-05-12 16:05:42,341 INFO 25536 [Timer] E:\Coding-Dream\interview\swagger\swagger-egg\node_modules\egg-multipart\app\schedule\clean_tmpdir.js next time will execute after 44657663ms at 2020-05-13 04:30:00.004
2020-05-12 16:05:42,341 INFO 25536 [Timer] E:\Coding-Dream\interview\swagger\swagger-egg\node_modules\egg-logrotator\app\schedule\clean_log.js next time will execute after 28457659ms at 2020-05-13 00:00:00.000
2020-05-12 16:05:42,342 INFO 25536 [Timer] E:\Coding-Dream\interview\swagger\swagger-egg\node_modules\egg-logrotator\app\schedule\rotate_by_file.js next time will execute after 28458659ms at 2020-05-13 00:00:01.001
2020-05-12 16:08:12,469 INFO 9996 [egg-schedule]: register schedule E:\Coding-Dream\interview\swagger\swagger-egg\node_modules\egg-multipart\app\schedule\clean_tmpdir.js
2020-05-12 16:08:12,469 INFO 9996 [egg-schedule]: register schedule E:\Coding-Dream\interview\swagger\swagger-egg\node_modules\egg-logrotator\app\schedule\clean_log.js
2020-05-12 16:08:12,469 INFO 9996 [egg-schedule]: register schedule E:\Coding-Dream\interview\swagger\swagger-egg\node_modules\egg-logrotator\app\schedule\rotate_by_file.js
2020-05-12 16:08:12,577 INFO 12124 [Timer] E:\Coding-Dream\interview\swagger\swagger-egg\node_modules\egg-multipart\app\schedule\clean_tmpdir.js next time will execute after 44507428ms at 2020-05-13 04:30:00.005
2020-05-12 16:08:12,578 INFO 12124 [Timer] E:\Coding-Dream\interview\swagger\swagger-egg\node_modules\egg-logrotator\app\schedule\clean_log.js next time will execute after 28307422ms at 2020-05-13 00:00:00.000
2020-05-12 16:08:12,579 INFO 12124 [Timer] E:\Coding-Dream\interview\swagger\swagger-egg\node_modules\egg-logrotator\app\schedule\rotate_by_file.js next time will execute after 28308422ms at 2020-05-13 00:00:01.001
2020-05-12 16:09:22,254 INFO 10872 [egg-schedule]: register schedule E:\Coding-Dream\interview\swagger\swagger-egg\node_modules\egg-multipart\app\schedule\clean_tmpdir.js
2020-05-12 16:09:22,254 INFO 10872 [egg-schedule]: register schedule E:\Coding-Dream\interview\swagger\swagger-egg\node_modules\egg-logrotator\app\schedule\clean_log.js
2020-05-12 16:09:22,254 INFO 10872 [egg-schedule]: register schedule E:\Coding-Dream\interview\swagger\swagger-egg\node_modules\egg-logrotator\app\schedule\rotate_by_file.js
2020-05-12 16:09:29,288 INFO 17060 [egg-schedule]: register schedule E:\Coding-Dream\interview\swagger\swagger-egg\node_modules\egg-multipart\app\schedule\clean_tmpdir.js
2020-05-12 16:09:29,288 INFO 17060 [egg-schedule]: register schedule E:\Coding-Dream\interview\swagger\swagger-egg\node_modules\egg-logrotator\app\schedule\clean_log.js
2020-05-12 16:09:29,288 INFO 17060 [egg-schedule]: register schedule E:\Coding-Dream\interview\swagger\swagger-egg\node_modules\egg-logrotator\app\schedule\rotate_by_file.js
2020-05-12 16:09:29,397 INFO 16272 [Timer] E:\Coding-Dream\interview\swagger\swagger-egg\node_modules\egg-multipart\app\schedule\clean_tmpdir.js next time will execute after 44430609ms at 2020-05-13 04:30:00.006
2020-05-12 16:09:29,397 INFO 16272 [Timer] E:\Coding-Dream\interview\swagger\swagger-egg\node_modules\egg-logrotator\app\schedule\clean_log.js next time will execute after 28230603ms at 2020-05-13 00:00:00.000
2020-05-12 16:09:29,398 INFO 16272 [Timer] E:\Coding-Dream\interview\swagger\swagger-egg\node_modules\egg-logrotator\app\schedule\rotate_by_file.js next time will execute after 28231603ms at 2020-05-13 00:00:01.001
2020-05-12 16:09:51,203 INFO 18780 [Timer] E:\Coding-Dream\interview\swagger\swagger-egg\node_modules\egg-multipart\app\schedule\clean_tmpdir.js next time will execute after 44408804ms at 2020-05-13 04:30:00.007
2020-05-12 16:09:51,204 INFO 18780 [Timer] E:\Coding-Dream\interview\swagger\swagger-egg\node_modules\egg-logrotator\app\schedule\clean_log.js next time will execute after 28208797ms at 2020-05-13 00:00:00.001
2020-05-12 16:09:51,205 INFO 18780 [Timer] E:\Coding-Dream\interview\swagger\swagger-egg\node_modules\egg-logrotator\app\schedule\rotate_by_file.js next time will execute after 28209796ms at 2020-05-13 00:00:01.001
2020-05-12 16:09:51,017 INFO 9008 [egg-schedule]: register schedule E:\Coding-Dream\interview\swagger\swagger-egg\node_modules\egg-multipart\app\schedule\clean_tmpdir.js
2020-05-12 16:09:51,017 INFO 9008 [egg-schedule]: register schedule E:\Coding-Dream\interview\swagger\swagger-egg\node_modules\egg-logrotator\app\schedule\clean_log.js
2020-05-12 16:09:51,018 INFO 9008 [egg-schedule]: register schedule E:\Coding-Dream\interview\swagger\swagger-egg\node_modules\egg-logrotator\app\schedule\rotate_by_file.js
2020-05-12 16:10:23,354 INFO 24996 [egg-schedule]: register schedule E:\Coding-Dream\interview\swagger\swagger-egg\node_modules\egg-multipart\app\schedule\clean_tmpdir.js
2020-05-12 16:10:23,354 INFO 24996 [egg-schedule]: register schedule E:\Coding-Dream\interview\swagger\swagger-egg\node_modules\egg-logrotator\app\schedule\clean_log.js
2020-05-12 16:10:23,354 INFO 24996 [egg-schedule]: register schedule E:\Coding-Dream\interview\swagger\swagger-egg\node_modules\egg-logrotator\app\schedule\rotate_by_file.js
2020-05-12 16:10:23,464 INFO 26348 [Timer] E:\Coding-Dream\interview\swagger\swagger-egg\node_modules\egg-multipart\app\schedule\clean_tmpdir.js next time will execute after 44376539ms at 2020-05-13 04:30:00.003
2020-05-12 16:10:23,464 INFO 26348 [Timer] E:\Coding-Dream\interview\swagger\swagger-egg\node_modules\egg-logrotator\app\schedule\clean_log.js next time will execute after 28176536ms at 2020-05-13 00:00:00.000
2020-05-12 16:10:23,465 INFO 26348 [Timer] E:\Coding-Dream\interview\swagger\swagger-egg\node_modules\egg-logrotator\app\schedule\rotate_by_file.js next time will execute after 28177535ms at 2020-05-13 00:00:01.000
2020-05-12 16:10:53,581 INFO 19844 [Timer] E:\Coding-Dream\interview\swagger\swagger-egg\node_modules\egg-multipart\app\schedule\clean_tmpdir.js next time will execute after 44346424ms at 2020-05-13 04:30:00.005
2020-05-12 16:10:53,582 INFO 19844 [Timer] E:\Coding-Dream\interview\swagger\swagger-egg\node_modules\egg-logrotator\app\schedule\clean_log.js next time will execute after 28146418ms at 2020-05-13 00:00:00.000
2020-05-12 16:10:53,583 INFO 19844 [Timer] E:\Coding-Dream\interview\swagger\swagger-egg\node_modules\egg-logrotator\app\schedule\rotate_by_file.js next time will execute after 28147418ms at 2020-05-13 00:00:01.001
2020-05-12 16:10:53,443 INFO 18204 [egg-schedule]: register schedule E:\Coding-Dream\interview\swagger\swagger-egg\node_modules\egg-multipart\app\schedule\clean_tmpdir.js
2020-05-12 16:10:53,443 INFO 18204 [egg-schedule]: register schedule E:\Coding-Dream\interview\swagger\swagger-egg\node_modules\egg-logrotator\app\schedule\clean_log.js
2020-05-12 16:10:53,443 INFO 18204 [egg-schedule]: register schedule E:\Coding-Dream\interview\swagger\swagger-egg\node_modules\egg-logrotator\app\schedule\rotate_by_file.js
2020-05-12 16:12:11,586 INFO 17336 [egg-schedule]: register schedule E:\Coding-Dream\interview\swagger\swagger-egg\node_modules\egg-multipart\app\schedule\clean_tmpdir.js
2020-05-12 16:12:11,586 INFO 17336 [egg-schedule]: register schedule E:\Coding-Dream\interview\swagger\swagger-egg\node_modules\egg-logrotator\app\schedule\clean_log.js
2020-05-12 16:12:11,586 INFO 17336 [egg-schedule]: register schedule E:\Coding-Dream\interview\swagger\swagger-egg\node_modules\egg-logrotator\app\schedule\rotate_by_file.js
2020-05-12 16:12:11,692 INFO 1464 [Timer] E:\Coding-Dream\interview\swagger\swagger-egg\node_modules\egg-multipart\app\schedule\clean_tmpdir.js next time will execute after 44268315ms at 2020-05-13 04:30:00.006
2020-05-12 16:12:11,692 INFO 1464 [Timer] E:\Coding-Dream\interview\swagger\swagger-egg\node_modules\egg-logrotator\app\schedule\clean_log.js next time will execute after 28068308ms at 2020-05-13 00:00:00.000
2020-05-12 16:12:11,693 INFO 1464 [Timer] E:\Coding-Dream\interview\swagger\swagger-egg\node_modules\egg-logrotator\app\schedule\rotate_by_file.js next time will execute after 28069308ms at 2020-05-13 00:00:01.001
2020-05-12 16:15:25,717 INFO 3732 [egg-schedule]: register schedule E:\Coding-Dream\interview\swagger\swagger-egg\node_modules\egg-multipart\app\schedule\clean_tmpdir.js
2020-05-12 16:15:25,717 INFO 3732 [egg-schedule]: register schedule E:\Coding-Dream\interview\swagger\swagger-egg\node_modules\egg-logrotator\app\schedule\clean_log.js
2020-05-12 16:15:25,717 INFO 3732 [egg-schedule]: register schedule E:\Coding-Dream\interview\swagger\swagger-egg\node_modules\egg-logrotator\app\schedule\rotate_by_file.js
2020-05-12 16:15:25,884 INFO 15116 [Timer] E:\Coding-Dream\interview\swagger\swagger-egg\node_modules\egg-multipart\app\schedule\clean_tmpdir.js next time will execute after 44074120ms at 2020-05-13 04:30:00.004
2020-05-12 16:15:25,885 INFO 15116 [Timer] E:\Coding-Dream\interview\swagger\swagger-egg\node_modules\egg-logrotator\app\schedule\clean_log.js next time will execute after 27874115ms at 2020-05-13 00:00:00.000
2020-05-12 16:15:25,885 INFO 15116 [Timer] E:\Coding-Dream\interview\swagger\swagger-egg\node_modules\egg-logrotator\app\schedule\rotate_by_file.js next time will execute after 27875115ms at 2020-05-13 00:00:01.000
2020-05-12 16:17:07,868 INFO 2248 [egg-schedule]: register schedule E:\Coding-Dream\interview\swagger\swagger-egg\node_modules\egg-multipart\app\schedule\clean_tmpdir.js
2020-05-12 16:17:07,868 INFO 2248 [egg-schedule]: register schedule E:\Coding-Dream\interview\swagger\swagger-egg\node_modules\egg-logrotator\app\schedule\clean_log.js
2020-05-12 16:17:07,868 INFO 2248 [egg-schedule]: register schedule E:\Coding-Dream\interview\swagger\swagger-egg\node_modules\egg-logrotator\app\schedule\rotate_by_file.js
2020-05-12 16:17:53,127 INFO 2580 [egg-schedule]: register schedule E:\Coding-Dream\interview\swagger\swagger-egg\node_modules\egg-multipart\app\schedule\clean_tmpdir.js
2020-05-12 16:17:53,127 INFO 2580 [egg-schedule]: register schedule E:\Coding-Dream\interview\swagger\swagger-egg\node_modules\egg-logrotator\app\schedule\clean_log.js
2020-05-12 16:17:53,127 INFO 2580 [egg-schedule]: register schedule E:\Coding-Dream\interview\swagger\swagger-egg\node_modules\egg-logrotator\app\schedule\rotate_by_file.js
2020-05-12 16:23:24,592 INFO 19756 [egg-schedule]: register schedule E:\Coding-Dream\interview\swagger\swagger-egg\node_modules\egg-multipart\app\schedule\clean_tmpdir.js
2020-05-12 16:23:24,592 INFO 19756 [egg-schedule]: register schedule E:\Coding-Dream\interview\swagger\swagger-egg\node_modules\egg-logrotator\app\schedule\clean_log.js
2020-05-12 16:23:24,592 INFO 19756 [egg-schedule]: register schedule E:\Coding-Dream\interview\swagger\swagger-egg\node_modules\egg-logrotator\app\schedule\rotate_by_file.js
2020-05-12 16:23:24,730 INFO 11616 [Timer] E:\Coding-Dream\interview\swagger\swagger-egg\node_modules\egg-multipart\app\schedule\clean_tmpdir.js next time will execute after 43595274ms at 2020-05-13 04:30:00.004
2020-05-12 16:23:24,730 INFO 11616 [Timer] E:\Coding-Dream\interview\swagger\swagger-egg\node_modules\egg-logrotator\app\schedule\clean_log.js next time will execute after 27395270ms at 2020-05-13 00:00:00.000
2020-05-12 16:23:24,730 INFO 11616 [Timer] E:\Coding-Dream\interview\swagger\swagger-egg\node_modules\egg-logrotator\app\schedule\rotate_by_file.js next time will execute after 27396270ms at 2020-05-13 00:00:01.000
2020-05-12 16:24:27,186 INFO 16372 [Timer] E:\Coding-Dream\interview\swagger\swagger-egg\node_modules\egg-multipart\app\schedule\clean_tmpdir.js next time will execute after 43532818ms at 2020-05-13 04:30:00.004
2020-05-12 16:24:27,187 INFO 16372 [Timer] E:\Coding-Dream\interview\swagger\swagger-egg\node_modules\egg-logrotator\app\schedule\clean_log.js next time will execute after 27332813ms at 2020-05-13 00:00:00.000
2020-05-12 16:24:27,187 INFO 16372 [Timer] E:\Coding-Dream\interview\swagger\swagger-egg\node_modules\egg-logrotator\app\schedule\rotate_by_file.js next time will execute after 27333813ms at 2020-05-13 00:00:01.000
2020-05-12 16:24:27,056 INFO 4892 [egg-schedule]: register schedule E:\Coding-Dream\interview\swagger\swagger-egg\node_modules\egg-multipart\app\schedule\clean_tmpdir.js
2020-05-12 16:24:27,056 INFO 4892 [egg-schedule]: register schedule E:\Coding-Dream\interview\swagger\swagger-egg\node_modules\egg-logrotator\app\schedule\clean_log.js
2020-05-12 16:24:27,056 INFO 4892 [egg-schedule]: register schedule E:\Coding-Dream\interview\swagger\swagger-egg\node_modules\egg-logrotator\app\schedule\rotate_by_file.js
2020-05-12 16:31:32,111 INFO 14708 [egg-schedule]: register schedule E:\Coding-Dream\interview\swagger\swagger-egg\node_modules\egg-multipart\app\schedule\clean_tmpdir.js
2020-05-12 16:31:32,111 INFO 14708 [egg-schedule]: register schedule E:\Coding-Dream\interview\swagger\swagger-egg\node_modules\egg-logrotator\app\schedule\clean_log.js
2020-05-12 16:31:32,111 INFO 14708 [egg-schedule]: register schedule E:\Coding-Dream\interview\swagger\swagger-egg\node_modules\egg-logrotator\app\schedule\rotate_by_file.js
2020-05-12 16:31:35,698 INFO 13048 [egg-schedule]: register schedule E:\Coding-Dream\interview\swagger\swagger-egg\node_modules\egg-multipart\app\schedule\clean_tmpdir.js
2020-05-12 16:31:35,698 INFO 13048 [egg-schedule]: register schedule E:\Coding-Dream\interview\swagger\swagger-egg\node_modules\egg-logrotator\app\schedule\clean_log.js
2020-05-12 16:31:35,698 INFO 13048 [egg-schedule]: register schedule E:\Coding-Dream\interview\swagger\swagger-egg\node_modules\egg-logrotator\app\schedule\rotate_by_file.js
2020-05-12 16:32:36,320 INFO 19316 [egg-schedule]: register schedule E:\Coding-Dream\interview\swagger\swagger-egg\node_modules\egg-multipart\app\schedule\clean_tmpdir.js
2020-05-12 16:32:36,320 INFO 19316 [egg-schedule]: register schedule E:\Coding-Dream\interview\swagger\swagger-egg\node_modules\egg-logrotator\app\schedule\clean_log.js
2020-05-12 16:32:36,320 INFO 19316 [egg-schedule]: register schedule E:\Coding-Dream\interview\swagger\swagger-egg\node_modules\egg-logrotator\app\schedule\rotate_by_file.js
2020-05-12 16:32:42,190 INFO 18828 [egg-schedule]: register schedule E:\Coding-Dream\interview\swagger\swagger-egg\node_modules\egg-multipart\app\schedule\clean_tmpdir.js
2020-05-12 16:32:42,190 INFO 18828 [egg-schedule]: register schedule E:\Coding-Dream\interview\swagger\swagger-egg\node_modules\egg-logrotator\app\schedule\clean_log.js
2020-05-12 16:32:42,190 INFO 18828 [egg-schedule]: register schedule E:\Coding-Dream\interview\swagger\swagger-egg\node_modules\egg-logrotator\app\schedule\rotate_by_file.js
2020-05-12 16:32:42,297 INFO 19528 [Timer] E:\Coding-Dream\interview\swagger\swagger-egg\node_modules\egg-multipart\app\schedule\clean_tmpdir.js next time will execute after 43037706ms at 2020-05-13 04:30:00.003
2020-05-12 16:32:42,298 INFO 19528 [Timer] E:\Coding-Dream\interview\swagger\swagger-egg\node_modules\egg-logrotator\app\schedule\clean_log.js next time will execute after 26837703ms at 2020-05-13 00:00:00.001
2020-05-12 16:32:42,298 INFO 19528 [Timer] E:\Coding-Dream\interview\swagger\swagger-egg\node_modules\egg-logrotator\app\schedule\rotate_by_file.js next time will execute after 26838702ms at 2020-05-13 00:00:01.000
2020-05-12 16:34:54,112 INFO 18212 [egg-schedule]: register schedule E:\Coding-Dream\interview\swagger\swagger-egg\node_modules\egg-multipart\app\schedule\clean_tmpdir.js
2020-05-12 16:34:54,113 INFO 18212 [egg-schedule]: register schedule E:\Coding-Dream\interview\swagger\swagger-egg\node_modules\egg-logrotator\app\schedule\clean_log.js
2020-05-12 16:34:54,113 INFO 18212 [egg-schedule]: register schedule E:\Coding-Dream\interview\swagger\swagger-egg\node_modules\egg-logrotator\app\schedule\rotate_by_file.js
2020-05-12 16:37:21,463 INFO 16736 [egg-schedule]: register schedule E:\Coding-Dream\interview\swagger\swagger-egg\node_modules\egg-multipart\app\schedule\clean_tmpdir.js
2020-05-12 16:37:21,463 INFO 16736 [egg-schedule]: register schedule E:\Coding-Dream\interview\swagger\swagger-egg\node_modules\egg-logrotator\app\schedule\clean_log.js
2020-05-12 16:37:21,463 INFO 16736 [egg-schedule]: register schedule E:\Coding-Dream\interview\swagger\swagger-egg\node_modules\egg-logrotator\app\schedule\rotate_by_file.js
2020-05-12 16:37:24,440 INFO 13232 [egg-schedule]: register schedule E:\Coding-Dream\interview\swagger\swagger-egg\node_modules\egg-multipart\app\schedule\clean_tmpdir.js
2020-05-12 16:37:24,440 INFO 13232 [egg-schedule]: register schedule E:\Coding-Dream\interview\swagger\swagger-egg\node_modules\egg-logrotator\app\schedule\clean_log.js
2020-05-12 16:37:24,440 INFO 13232 [egg-schedule]: register schedule E:\Coding-Dream\interview\swagger\swagger-egg\node_modules\egg-logrotator\app\schedule\rotate_by_file.js
2020-05-12 16:37:27,173 INFO 20264 [egg-schedule]: register schedule E:\Coding-Dream\interview\swagger\swagger-egg\node_modules\egg-multipart\app\schedule\clean_tmpdir.js
2020-05-12 16:37:27,173 INFO 20264 [egg-schedule]: register schedule E:\Coding-Dream\interview\swagger\swagger-egg\node_modules\egg-logrotator\app\schedule\clean_log.js
2020-05-12 16:37:27,173 INFO 20264 [egg-schedule]: register schedule E:\Coding-Dream\interview\swagger\swagger-egg\node_modules\egg-logrotator\app\schedule\rotate_by_file.js
2020-05-12 16:37:36,098 INFO 11616 [Timer] E:\Coding-Dream\interview\swagger\swagger-egg\node_modules\egg-multipart\app\schedule\clean_tmpdir.js next time will execute after 42743908ms at 2020-05-13 04:30:00.006
2020-05-12 16:37:36,098 INFO 11616 [Timer] E:\Coding-Dream\interview\swagger\swagger-egg\node_modules\egg-logrotator\app\schedule\clean_log.js next time will execute after 26543902ms at 2020-05-13 00:00:00.000
2020-05-12 16:37:36,099 INFO 11616 [Timer] E:\Coding-Dream\interview\swagger\swagger-egg\node_modules\egg-logrotator\app\schedule\rotate_by_file.js next time will execute after 26544902ms at 2020-05-13 00:00:01.001
2020-05-12 16:37:35,988 INFO 18836 [egg-schedule]: register schedule E:\Coding-Dream\interview\swagger\swagger-egg\node_modules\egg-multipart\app\schedule\clean_tmpdir.js
2020-05-12 16:37:35,988 INFO 18836 [egg-schedule]: register schedule E:\Coding-Dream\interview\swagger\swagger-egg\node_modules\egg-logrotator\app\schedule\clean_log.js
2020-05-12 16:37:35,988 INFO 18836 [egg-schedule]: register schedule E:\Coding-Dream\interview\swagger\swagger-egg\node_modules\egg-logrotator\app\schedule\rotate_by_file.js
2020-05-12 16:39:34,323 INFO 18212 [egg-schedule]: register schedule E:\Coding-Dream\interview\swagger\swagger-egg\node_modules\egg-multipart\app\schedule\clean_tmpdir.js
2020-05-12 16:39:34,323 INFO 18212 [egg-schedule]: register schedule E:\Coding-Dream\interview\swagger\swagger-egg\node_modules\egg-logrotator\app\schedule\clean_log.js
2020-05-12 16:39:34,323 INFO 18212 [egg-schedule]: register schedule E:\Coding-Dream\interview\swagger\swagger-egg\node_modules\egg-logrotator\app\schedule\rotate_by_file.js
2020-05-12 16:39:35,448 INFO 13044 [egg-schedule]: register schedule E:\Coding-Dream\interview\swagger\swagger-egg\node_modules\egg-multipart\app\schedule\clean_tmpdir.js
2020-05-12 16:39:35,448 INFO 13044 [egg-schedule]: register schedule E:\Coding-Dream\interview\swagger\swagger-egg\node_modules\egg-logrotator\app\schedule\clean_log.js
2020-05-12 16:39:35,449 INFO 13044 [egg-schedule]: register schedule E:\Coding-Dream\interview\swagger\swagger-egg\node_modules\egg-logrotator\app\schedule\rotate_by_file.js
2020-05-12 16:44:34,320 INFO 16148 [egg-schedule]: register schedule E:\Coding-Dream\interview\swagger\swagger-egg\node_modules\egg-multipart\app\schedule\clean_tmpdir.js
2020-05-12 16:44:34,320 INFO 16148 [egg-schedule]: register schedule E:\Coding-Dream\interview\swagger\swagger-egg\node_modules\egg-logrotator\app\schedule\clean_log.js
2020-05-12 16:44:34,320 INFO 16148 [egg-schedule]: register schedule E:\Coding-Dream\interview\swagger\swagger-egg\node_modules\egg-logrotator\app\schedule\rotate_by_file.js
2020-05-12 16:46:17,286 INFO 18212 [egg-schedule]: register schedule E:\Coding-Dream\interview\swagger\swagger-egg\node_modules\egg-multipart\app\schedule\clean_tmpdir.js
2020-05-12 16:46:17,286 INFO 18212 [egg-schedule]: register schedule E:\Coding-Dream\interview\swagger\swagger-egg\node_modules\egg-logrotator\app\schedule\clean_log.js
2020-05-12 16:46:17,286 INFO 18212 [egg-schedule]: register schedule E:\Coding-Dream\interview\swagger\swagger-egg\node_modules\egg-logrotator\app\schedule\rotate_by_file.js
2020-05-12 16:46:19,619 INFO 20420 [egg-schedule]: register schedule E:\Coding-Dream\interview\swagger\swagger-egg\node_modules\egg-multipart\app\schedule\clean_tmpdir.js
2020-05-12 16:46:19,619 INFO 20420 [egg-schedule]: register schedule E:\Coding-Dream\interview\swagger\swagger-egg\node_modules\egg-logrotator\app\schedule\clean_log.js
2020-05-12 16:46:19,619 INFO 20420 [egg-schedule]: register schedule E:\Coding-Dream\interview\swagger\swagger-egg\node_modules\egg-logrotator\app\schedule\rotate_by_file.js
2020-05-12 16:46:20,835 INFO 7920 [egg-schedule]: register schedule E:\Coding-Dream\interview\swagger\swagger-egg\node_modules\egg-multipart\app\schedule\clean_tmpdir.js
2020-05-12 16:46:20,836 INFO 7920 [egg-schedule]: register schedule E:\Coding-Dream\interview\swagger\swagger-egg\node_modules\egg-logrotator\app\schedule\clean_log.js
2020-05-12 16:46:20,836 INFO 7920 [egg-schedule]: register schedule E:\Coding-Dream\interview\swagger\swagger-egg\node_modules\egg-logrotator\app\schedule\rotate_by_file.js
2020-05-12 16:46:22,940 INFO 17132 [egg-schedule]: register schedule E:\Coding-Dream\interview\swagger\swagger-egg\node_modules\egg-multipart\app\schedule\clean_tmpdir.js
2020-05-12 16:46:22,940 INFO 17132 [egg-schedule]: register schedule E:\Coding-Dream\interview\swagger\swagger-egg\node_modules\egg-logrotator\app\schedule\clean_log.js
2020-05-12 16:46:22,940 INFO 17132 [egg-schedule]: register schedule E:\Coding-Dream\interview\swagger\swagger-egg\node_modules\egg-logrotator\app\schedule\rotate_by_file.js
2020-05-12 16:46:23,972 INFO 5984 [egg-schedule]: register schedule E:\Coding-Dream\interview\swagger\swagger-egg\node_modules\egg-multipart\app\schedule\clean_tmpdir.js
2020-05-12 16:46:23,972 INFO 5984 [egg-schedule]: register schedule E:\Coding-Dream\interview\swagger\swagger-egg\node_modules\egg-logrotator\app\schedule\clean_log.js
2020-05-12 16:46:23,972 INFO 5984 [egg-schedule]: register schedule E:\Coding-Dream\interview\swagger\swagger-egg\node_modules\egg-logrotator\app\schedule\rotate_by_file.js
2020-05-12 16:46:25,307 INFO 7580 [egg-schedule]: register schedule E:\Coding-Dream\interview\swagger\swagger-egg\node_modules\egg-multipart\app\schedule\clean_tmpdir.js
2020-05-12 16:46:25,307 INFO 7580 [egg-schedule]: register schedule E:\Coding-Dream\interview\swagger\swagger-egg\node_modules\egg-logrotator\app\schedule\clean_log.js
2020-05-12 16:46:25,307 INFO 7580 [egg-schedule]: register schedule E:\Coding-Dream\interview\swagger\swagger-egg\node_modules\egg-logrotator\app\schedule\rotate_by_file.js
2020-05-12 16:48:28,340 INFO 10212 [egg-schedule]: register schedule E:\Coding-Dream\interview\swagger\swagger-egg\node_modules\egg-multipart\app\schedule\clean_tmpdir.js
2020-05-12 16:48:28,340 INFO 10212 [egg-schedule]: register schedule E:\Coding-Dream\interview\swagger\swagger-egg\node_modules\egg-logrotator\app\schedule\clean_log.js
2020-05-12 16:48:28,340 INFO 10212 [egg-schedule]: register schedule E:\Coding-Dream\interview\swagger\swagger-egg\node_modules\egg-logrotator\app\schedule\rotate_by_file.js
2020-05-12 16:48:34,019 INFO 10064 [egg-schedule]: register schedule E:\Coding-Dream\interview\swagger\swagger-egg\node_modules\egg-multipart\app\schedule\clean_tmpdir.js
2020-05-12 16:48:34,019 INFO 10064 [egg-schedule]: register schedule E:\Coding-Dream\interview\swagger\swagger-egg\node_modules\egg-logrotator\app\schedule\clean_log.js
2020-05-12 16:48:34,019 INFO 10064 [egg-schedule]: register schedule E:\Coding-Dream\interview\swagger\swagger-egg\node_modules\egg-logrotator\app\schedule\rotate_by_file.js
2020-05-12 16:49:18,377 INFO 3728 [egg-schedule]: register schedule E:\Coding-Dream\interview\swagger\swagger-egg\node_modules\egg-multipart\app\schedule\clean_tmpdir.js
2020-05-12 16:49:18,378 INFO 3728 [egg-schedule]: register schedule E:\Coding-Dream\interview\swagger\swagger-egg\node_modules\egg-logrotator\app\schedule\clean_log.js
2020-05-12 16:49:18,378 INFO 3728 [egg-schedule]: register schedule E:\Coding-Dream\interview\swagger\swagger-egg\node_modules\egg-logrotator\app\schedule\rotate_by_file.js
2020-05-12 16:49:20,118 INFO 11560 [egg-schedule]: register schedule E:\Coding-Dream\interview\swagger\swagger-egg\node_modules\egg-multipart\app\schedule\clean_tmpdir.js
2020-05-12 16:49:20,118 INFO 11560 [egg-schedule]: register schedule E:\Coding-Dream\interview\swagger\swagger-egg\node_modules\egg-logrotator\app\schedule\clean_log.js
2020-05-12 16:49:20,118 INFO 11560 [egg-schedule]: register schedule E:\Coding-Dream\interview\swagger\swagger-egg\node_modules\egg-logrotator\app\schedule\rotate_by_file.js
2020-05-12 16:49:22,798 INFO 12852 [egg-schedule]: register schedule E:\Coding-Dream\interview\swagger\swagger-egg\node_modules\egg-multipart\app\schedule\clean_tmpdir.js
2020-05-12 16:49:22,798 INFO 12852 [egg-schedule]: register schedule E:\Coding-Dream\interview\swagger\swagger-egg\node_modules\egg-logrotator\app\schedule\clean_log.js
2020-05-12 16:49:22,798 INFO 12852 [egg-schedule]: register schedule E:\Coding-Dream\interview\swagger\swagger-egg\node_modules\egg-logrotator\app\schedule\rotate_by_file.js
2020-05-12 16:49:23,863 INFO 13988 [egg-schedule]: register schedule E:\Coding-Dream\interview\swagger\swagger-egg\node_modules\egg-multipart\app\schedule\clean_tmpdir.js
2020-05-12 16:49:23,863 INFO 13988 [egg-schedule]: register schedule E:\Coding-Dream\interview\swagger\swagger-egg\node_modules\egg-logrotator\app\schedule\clean_log.js
2020-05-12 16:49:23,863 INFO 13988 [egg-schedule]: register schedule E:\Coding-Dream\interview\swagger\swagger-egg\node_modules\egg-logrotator\app\schedule\rotate_by_file.js
2020-05-12 16:49:25,539 INFO 2624 [egg-schedule]: register schedule E:\Coding-Dream\interview\swagger\swagger-egg\node_modules\egg-multipart\app\schedule\clean_tmpdir.js
2020-05-12 16:49:25,539 INFO 2624 [egg-schedule]: register schedule E:\Coding-Dream\interview\swagger\swagger-egg\node_modules\egg-logrotator\app\schedule\clean_log.js
2020-05-12 16:49:25,539 INFO 2624 [egg-schedule]: register schedule E:\Coding-Dream\interview\swagger\swagger-egg\node_modules\egg-logrotator\app\schedule\rotate_by_file.js
2020-05-12 16:49:51,171 INFO 12252 [egg-schedule]: register schedule E:\Coding-Dream\interview\swagger\swagger-egg\node_modules\egg-multipart\app\schedule\clean_tmpdir.js
2020-05-12 16:49:51,171 INFO 12252 [egg-schedule]: register schedule E:\Coding-Dream\interview\swagger\swagger-egg\node_modules\egg-logrotator\app\schedule\clean_log.js
2020-05-12 16:49:51,171 INFO 12252 [egg-schedule]: register schedule E:\Coding-Dream\interview\swagger\swagger-egg\node_modules\egg-logrotator\app\schedule\rotate_by_file.js
2020-05-12 16:49:55,301 INFO 13884 [egg-schedule]: register schedule E:\Coding-Dream\interview\swagger\swagger-egg\node_modules\egg-multipart\app\schedule\clean_tmpdir.js
2020-05-12 16:49:55,301 INFO 13884 [egg-schedule]: register schedule E:\Coding-Dream\interview\swagger\swagger-egg\node_modules\egg-logrotator\app\schedule\clean_log.js
2020-05-12 16:49:55,301 INFO 13884 [egg-schedule]: register schedule E:\Coding-Dream\interview\swagger\swagger-egg\node_modules\egg-logrotator\app\schedule\rotate_by_file.js
2020-05-12 16:50:07,018 INFO 2164 [egg-schedule]: register schedule E:\Coding-Dream\interview\swagger\swagger-egg\node_modules\egg-multipart\app\schedule\clean_tmpdir.js
2020-05-12 16:50:07,018 INFO 2164 [egg-schedule]: register schedule E:\Coding-Dream\interview\swagger\swagger-egg\node_modules\egg-logrotator\app\schedule\clean_log.js
2020-05-12 16:50:07,018 INFO 2164 [egg-schedule]: register schedule E:\Coding-Dream\interview\swagger\swagger-egg\node_modules\egg-logrotator\app\schedule\rotate_by_file.js
2020-05-12 16:50:34,063 INFO 10516 [egg-schedule]: register schedule E:\Coding-Dream\interview\swagger\swagger-egg\node_modules\egg-multipart\app\schedule\clean_tmpdir.js
2020-05-12 16:50:34,063 INFO 10516 [egg-schedule]: register schedule E:\Coding-Dream\interview\swagger\swagger-egg\node_modules\egg-logrotator\app\schedule\clean_log.js
2020-05-12 16:50:34,063 INFO 10516 [egg-schedule]: register schedule E:\Coding-Dream\interview\swagger\swagger-egg\node_modules\egg-logrotator\app\schedule\rotate_by_file.js
2020-05-12 16:56:53,416 INFO 7820 [Timer] E:\Coding-Dream\interview\swagger\swagger-egg\node_modules\egg-multipart\app\schedule\clean_tmpdir.js next time will execute after 41586587ms at 2020-05-13 04:30:00.003
2020-05-12 16:56:53,417 INFO 7820 [Timer] E:\Coding-Dream\interview\swagger\swagger-egg\node_modules\egg-logrotator\app\schedule\clean_log.js next time will execute after 25386584ms at 2020-05-13 00:00:00.001
2020-05-12 16:56:53,417 INFO 7820 [Timer] E:\Coding-Dream\interview\swagger\swagger-egg\node_modules\egg-logrotator\app\schedule\rotate_by_file.js next time will execute after 25387583ms at 2020-05-13 00:00:01.000
2020-05-12 16:56:52,910 INFO 13260 [egg-schedule]: register schedule E:\Coding-Dream\interview\swagger\swagger-egg\node_modules\egg-multipart\app\schedule\clean_tmpdir.js
2020-05-12 16:56:52,910 INFO 13260 [egg-schedule]: register schedule E:\Coding-Dream\interview\swagger\swagger-egg\node_modules\egg-logrotator\app\schedule\clean_log.js
2020-05-12 16:56:52,910 INFO 13260 [egg-schedule]: register schedule E:\Coding-Dream\interview\swagger\swagger-egg\node_modules\egg-logrotator\app\schedule\rotate_by_file.js
